[debug] [2019-01-01T13:10:00.873Z] ----------------------------------------------------------------------
[debug] [2019-01-01T13:10:00.875Z] Command:       /usr/local/bin/node /usr/local/bin/firebase deploy
[debug] [2019-01-01T13:10:00.875Z] CLI Version:   6.2.2
[debug] [2019-01-01T13:10:00.875Z] Platform:      darwin
[debug] [2019-01-01T13:10:00.875Z] Node Version:  v8.11.4
[debug] [2019-01-01T13:10:00.876Z] Time:          Tue Jan 01 2019 18:40:00 GMT+0530 (+0530)
[debug] [2019-01-01T13:10:00.876Z] ----------------------------------------------------------------------
[debug] 
[debug] [2019-01-01T13:10:00.885Z] > command requires scopes: ["email","openid","https://www.googleapis.com/auth/cloudplatformprojects.readonly","https://www.googleapis.com/auth/firebase","https://www.googleapis.com/auth/cloud-platform"]
[debug] [2019-01-01T13:10:00.886Z] > authorizing via signed-in user
[debug] [2019-01-01T13:10:00.886Z] [iam] checking project cinnamon-journeys for permissions ["firebase.projects.get","firebasehosting.sites.update"]
[debug] [2019-01-01T13:10:00.887Z] >>> HTTP REQUEST POST https://cloudresourcemanager.googleapis.com/v1/projects/cinnamon-journeys:testIamPermissions  

[debug] [2019-01-01T13:10:03.031Z] <<< HTTP RESPONSE 200
[debug] [2019-01-01T13:10:03.032Z] >>> HTTP REQUEST GET https://firebase.googleapis.com/v1beta1/projects/cinnamon-journeys  
 
[debug] [2019-01-01T13:10:03.844Z] <<< HTTP RESPONSE 200
[info] 
[info] === Deploying to 'cinnamon-journeys'...
[info] 
[info] i  deploying hosting
[debug] [2019-01-01T13:10:03.847Z] >>> HTTP REQUEST POST https://firebasehosting.googleapis.com/v1beta1/sites/cinnamon-journeys/versions  

[debug] [2019-01-01T13:10:06.711Z] <<< HTTP RESPONSE 200
[info] i  hosting[cinnamon-journeys]: beginning deploy...
[info] i  hosting[cinnamon-journeys]: found 343 files in dist
[debug] [2019-01-01T13:10:06.793Z] [hosting] hash cache [ZGlzdA] not populated
[debug] [2019-01-01T13:10:11.818Z] [hosting] hash cache [ZGlzdA] stored for 343 files
[debug] [2019-01-01T13:10:11.818Z] [hosting][hash queue][FINAL]
[debug] [2019-01-01T13:10:11.818Z] >>> HTTP REQUEST POST https://firebasehosting.googleapis.com/v1beta1/sites/cinnamon-journeys/versions/516db766a8337dce:populateFiles  
 <request body omitted>
[debug] [2019-01-01T13:10:15.556Z] <<< HTTP RESPONSE 200
[debug] [2019-01-01T13:10:15.593Z] [hosting][populate queue][FINAL]
[debug] [2019-01-01T13:10:15.593Z] [hosting] uploads queued: 98
